<?xml version="1.0" encoding="UTF-8"?>
<testsuite name="ATB11xAPIAutomationProgram"
           tests="6"
           failures="0"
           errors="0"
           skipped="0"
           time="0.101">
    <properties></properties>



            <testcase
                name="test03"
                time="0.004"
                classname="com.thetestingacademy.ex_05_TestNGExamples.APITesting022_TestNG_invocationCount">
            </testcase>
            <testcase
                name="test01"
                time="0.003"
                classname="com.thetestingacademy.ex_05_TestNGExamples.APITesting022_TestNG_invocationCount">
            </testcase>
            <testcase
                name="test02"
                time="0.003"
                classname="com.thetestingacademy.ex_05_TestNGExamples.APITesting022_TestNG_invocationCount">
            </testcase>
            <testcase
                name="test02"
                time="0.007"
                classname="com.thetestingacademy.ex_05_TestNGExamples.APITesting022_TestNG_invocationCount">
            </testcase>
            <testcase
                name="test02"
                time="0.004"
                classname="com.thetestingacademy.ex_05_TestNGExamples.APITesting022_TestNG_invocationCount">
            </testcase>
            <testcase
                name="test01"
                time="0.080"
                classname="com.thetestingacademy.ex_05_TestNGExamples.APITesting022_TestNG_invocationCount">
            </testcase>
</testsuite>
